<?xml version="1.0" encoding="UTF-8"?>
<testng-results ignored="0" total="1" passed="1" failed="0" skipped="0">
  <reporter-output>
  </reporter-output>
  <suite started-at="2020-10-29T14:55:46 IST" name="Default suite" finished-at="2020-10-29T14:56:11 IST" duration-ms="24689">
    <groups>
    </groups>
    <test started-at="2020-10-29T14:55:46 IST" name="Default test" finished-at="2020-10-29T14:56:11 IST" duration-ms="24689">
      <class name="com.assigment.tests.AssigmentScenarioTest">
        <test-method is-config="true" signature="setupBase()[pri:0, instance:com.assigment.tests.AssigmentScenarioTest@51f116b8]" started-at="2020-10-29T14:55:46 IST" name="setupBase" finished-at="2020-10-29T14:55:53 IST" duration-ms="7237" status="PASS">
          <reporter-output>
          </reporter-output>
        </test-method> <!-- setupBase -->
        <test-method is-config="true" signature="beforeClass()[pri:0, instance:com.assigment.tests.AssigmentScenarioTest@51f116b8]" started-at="2020-10-29T14:55:53 IST" name="beforeClass" finished-at="2020-10-29T14:55:53 IST" duration-ms="7" status="PASS">
          <reporter-output>
          </reporter-output>
        </test-method> <!-- beforeClass -->
        <test-method signature="bookFlightTicket()[pri:0, instance:com.assigment.tests.AssigmentScenarioTest@51f116b8]" started-at="2020-10-29T14:55:53 IST" name="bookFlightTicket" description="Book a flight ticket" finished-at="2020-10-29T14:56:11 IST" duration-ms="17266" status="PASS">
          <reporter-output>
          </reporter-output>
        </test-method> <!-- bookFlightTicket -->
        <test-method is-config="true" signature="tearDown()[pri:0, instance:com.assigment.tests.AssigmentScenarioTest@51f116b8]" started-at="2020-10-29T14:56:11 IST" name="tearDown" finished-at="2020-10-29T14:56:11 IST" duration-ms="110" status="PASS">
          <reporter-output>
          </reporter-output>
        </test-method> <!-- tearDown -->
      </class> <!-- com.assigment.tests.AssigmentScenarioTest -->
    </test> <!-- Default test -->
  </suite> <!-- Default suite -->
</testng-results>
